2026-04-17 19:39:09,938 - root - INFO - Processing baseline image
2026-04-17 19:39:09,947 - volatility3.plugins.yarascan - INFO - Neither yara-x nor yara-python (>3.8.0) module was found, plugin (and dependent plugins) not available
2026-04-17 19:39:09,963 - volatility3.plugins.yarascan - INFO - Neither yara-x nor yara-python (>3.8.0) module was found, plugin (and dependent plugins) not available
2026-04-17 19:39:09,969 - volatility3.plugins.yarascan - INFO - Neither yara-x nor yara-python (>3.8.0) module was found, plugin (and dependent plugins) not available
2026-04-17 19:39:09,990 - volatility3.plugins.yarascan - INFO - Neither yara-x nor yara-python (>3.8.0) module was found, plugin (and dependent plugins) not available
2026-04-17 19:39:09,990 - volatility3.plugins.yarascan - INFO - Neither yara-x nor yara-python (>3.8.0) module was found, plugin (and dependent plugins) not available
2026-04-17 19:39:09,992 - volatility3.plugins.yarascan - INFO - Neither yara-x nor yara-python (>3.8.0) module was found, plugin (and dependent plugins) not available
2026-04-17 19:39:09,993 - volatility3.plugins.yarascan - INFO - Neither yara-x nor yara-python (>3.8.0) module was found, plugin (and dependent plugins) not available
2026-04-17 19:39:09,994 - volatility3.plugins.yarascan - INFO - Neither yara-x nor yara-python (>3.8.0) module was found, plugin (and dependent plugins) not available
2026-04-17 19:39:09,995 - BaselineProcessList - WARNING - Volatility init failures! ['volatility3.plugins.yarascan', 'volatility3.plugins.linux.vmayarascan', 'volatility3.plugins.windows.indirect_system_calls', 'volatility3.plugins.windows.cachedump', 'volatility3.plugins.windows.lsadump', 'volatility3.plugins.windows.direct_system_calls', 'volatility3.plugins.windows.vadyarascan', 'volatility3.plugins.windows.hashdump', 'volatility3.plugins.windows.mftscan', 'volatility3.plugins.windows.malware.indirect_system_calls', 'volatility3.plugins.windows.malware.direct_system_calls', 'volatility3.plugins.windows.registry.cachedump', 'volatility3.plugins.windows.registry.lsadump', 'volatility3.plugins.windows.registry.hashdump']
2026-04-17 19:39:09,997 - volatility3.framework.automagic - INFO - Detected a windows category plugin
2026-04-17 19:39:09,997 - volatility3.framework.automagic - INFO - Running automagic: ConstructionMagic
2026-04-17 19:39:10,003 - volatility3.framework.automagic - INFO - Running automagic: SymbolCacheMagic
2026-04-17 19:39:10,006 - volatility3.framework.automagic - INFO - Running automagic: LayerStacker
2026-04-17 19:39:10,024 - volatility3.framework.automagic.linux - INFO - No Linux banners found - if this is a linux plugin, please check your symbol files location
2026-04-17 19:39:10,024 - volatility3.framework.automagic.mac - INFO - No Mac banners found - if this is a mac plugin, please check your symbol files location
2026-04-17 19:39:10,024 - volatility3.framework.automagic.linux - INFO - No Linux banners found - if this is a linux plugin, please check your symbol files location
2026-04-17 19:39:10,976 - volatility3.framework.automagic - INFO - Running automagic: WinSwapLayers
2026-04-17 19:39:10,976 - volatility3.framework.automagic - INFO - Running automagic: KernelPDBScanner
2026-04-17 19:39:11,060 - volatility3.schemas - INFO - Dependency for validation unavailable: jsonschema
2026-04-17 19:39:11,061 - volatility3.framework.automagic - INFO - Running automagic: SymbolFinder
2026-04-17 19:39:11,061 - volatility3.framework.automagic - INFO - Running automagic: KernelModule
2026-04-17 19:39:11,061 - volatility3.framework.automagic - INFO - Running automagic: ConstructionMagic
2026-04-17 19:39:11,061 - volatility3.framework.automagic - INFO - Running automagic: SymbolCacheMagic
2026-04-17 19:39:11,064 - volatility3.framework.automagic - INFO - Running automagic: LayerStacker
2026-04-17 19:39:11,064 - volatility3.framework.automagic - INFO - Running automagic: WinSwapLayers
2026-04-17 19:39:11,064 - volatility3.framework.automagic - INFO - Running automagic: KernelPDBScanner
2026-04-17 19:39:11,064 - volatility3.framework.automagic - INFO - Running automagic: SymbolFinder
2026-04-17 19:39:11,064 - volatility3.framework.automagic - INFO - Running automagic: KernelModule
2026-04-17 19:39:11,096 - BaselineProcess - WARNING - Process commandline could not be extracted! (4)(PagedInvalidAddressException)(Page Fault at entry 0x0 in page entry)
2026-04-17 19:39:11,113 - BaselineDll - WARNING - DLL name cannot be extracted! (0x76c40000)(SwappedInvalidAddressException)()
2026-04-17 19:39:11,113 - BaselineProcess - WARNING - Dll skipped! (424)(0x76c40000)(Exception)(DLL name cannot be extracted! (0x76c40000)(SwappedInvalidAddressException)())
2026-04-17 19:39:11,114 - BaselineDll - WARNING - DLL name cannot be extracted! (0x75950000)(SwappedInvalidAddressException)()
2026-04-17 19:39:11,114 - BaselineProcess - WARNING - Dll skipped! (424)(0x75950000)(Exception)(DLL name cannot be extracted! (0x75950000)(SwappedInvalidAddressException)())
2026-04-17 19:39:11,115 - BaselineDll - WARNING - DLL name cannot be extracted! (0x75940000)(SwappedInvalidAddressException)()
2026-04-17 19:39:11,115 - BaselineProcess - WARNING - Dll skipped! (424)(0x75940000)(Exception)(DLL name cannot be extracted! (0x75940000)(SwappedInvalidAddressException)())
2026-04-17 19:39:11,115 - BaselineDll - WARNING - DLL name cannot be extracted! (0x75e00000)(SwappedInvalidAddressException)()
2026-04-17 19:39:11,115 - BaselineProcess - WARNING - Dll skipped! (424)(0x75e00000)(Exception)(DLL name cannot be extracted! (0x75e00000)(SwappedInvalidAddressException)())
2026-04-17 19:39:11,115 - BaselineDll - WARNING - DLL name cannot be extracted! (0x75e20000)(SwappedInvalidAddressException)()
2026-04-17 19:39:11,115 - BaselineProcess - WARNING - Dll skipped! (424)(0x75e20000)(Exception)(DLL name cannot be extracted! (0x75e20000)(SwappedInvalidAddressException)())
2026-04-17 19:39:11,115 - BaselineDll - WARNING - DLL name cannot be extracted! (0x75630000)(SwappedInvalidAddressException)()
2026-04-17 19:39:11,115 - BaselineProcess - WARNING - Dll skipped! (424)(0x75630000)(Exception)(DLL name cannot be extracted! (0x75630000)(SwappedInvalidAddressException)())
2026-04-17 19:39:11,121 - BaselineDll - WARNING - DLL name cannot be extracted! (0x76840000)(SwappedInvalidAddressException)()
2026-04-17 19:39:11,121 - BaselineProcess - WARNING - Dll skipped! (452)(0x76840000)(Exception)(DLL name cannot be extracted! (0x76840000)(SwappedInvalidAddressException)())
2026-04-17 19:39:11,122 - BaselineDll - WARNING - DLL name cannot be extracted! (0x75e90000)(SwappedInvalidAddressException)()
2026-04-17 19:39:11,122 - BaselineProcess - WARNING - Dll skipped! (452)(0x75e90000)(Exception)(DLL name cannot be extracted! (0x75e90000)(SwappedInvalidAddressException)())
2026-04-17 19:39:11,168 - BaselineDll - WARNING - DLL name cannot be extracted! (0x76b20000)(SwappedInvalidAddressException)()
2026-04-17 19:39:11,168 - BaselineProcess - WARNING - Dll skipped! (496)(0x76b20000)(Exception)(DLL name cannot be extracted! (0x76b20000)(SwappedInvalidAddressException)())
2026-04-17 19:39:11,172 - BaselineDll - WARNING - DLL name cannot be extracted! (0x77dc0000)(SwappedInvalidAddressException)()
2026-04-17 19:39:11,172 - BaselineProcess - WARNING - Dll skipped! (496)(0x77dc0000)(Exception)(DLL name cannot be extracted! (0x77dc0000)(SwappedInvalidAddressException)())
2026-04-17 19:39:11,173 - BaselineDll - WARNING - DLL path cannot be extracted! (0x73740000)(SwappedInvalidAddressException)()
2026-04-17 19:39:11,173 - BaselineProcess - WARNING - Dll skipped! (496)(0x73740000)(Exception)(DLL path cannot be extracted! (0x73740000)(SwappedInvalidAddressException)())
2026-04-17 19:39:11,494 - BaselineDll - WARNING - DLL name cannot be extracted! (0x75e90000)(SwappedInvalidAddressException)()
2026-04-17 19:39:11,494 - BaselineProcess - WARNING - Dll skipped! (1368)(0x75e90000)(Exception)(DLL name cannot be extracted! (0x75e90000)(SwappedInvalidAddressException)())
2026-04-17 19:39:11,495 - BaselineDll - WARNING - DLL name cannot be extracted! (0x77ec0000)(PagedInvalidAddressException)(Page Fault at entry 0x8bdcd37800000400 in page entry)
2026-04-17 19:39:11,495 - BaselineProcess - WARNING - Dll skipped! (1460)(0x77ec0000)(Exception)(DLL name cannot be extracted! (0x77ec0000)(PagedInvalidAddressException)(Page Fault at entry 0x8bdcd37800000400 in page entry))
2026-04-17 19:39:11,520 - BaselineDll - WARNING - DLL name cannot be extracted! (0x77ec0000)(PagedInvalidAddressException)(Page Fault at entry 0x8bdcd37800000400 in page entry)
2026-04-17 19:39:11,520 - BaselineProcess - WARNING - Dll skipped! (1524)(0x77ec0000)(Exception)(DLL name cannot be extracted! (0x77ec0000)(PagedInvalidAddressException)(Page Fault at entry 0x8bdcd37800000400 in page entry))
2026-04-17 19:39:11,540 - BaselineProcess - WARNING - Process commandline could not be extracted! (1540)(PagedInvalidAddressException)(Page Fault at entry 0x13b93801 in table page directory)
2026-04-17 19:39:11,619 - BaselineDll - WARNING - DLL name cannot be extracted! (0x77e50000)(SwappedInvalidAddressException)()
2026-04-17 19:39:11,619 - BaselineProcess - WARNING - Dll skipped! (1796)(0x77e50000)(Exception)(DLL name cannot be extracted! (0x77e50000)(SwappedInvalidAddressException)())
2026-04-17 19:39:11,619 - BaselineDll - WARNING - DLL name cannot be extracted! (0x769a0000)(SwappedInvalidAddressException)()
2026-04-17 19:39:11,619 - BaselineProcess - WARNING - Dll skipped! (1796)(0x769a0000)(Exception)(DLL name cannot be extracted! (0x769a0000)(SwappedInvalidAddressException)())
2026-04-17 19:39:11,629 - BaselineDll - WARNING - DLL name cannot be extracted! (0x77ec0000)(PagedInvalidAddressException)(Page Fault at entry 0x8bdcd37800000400 in page entry)
2026-04-17 19:39:11,629 - BaselineProcess - WARNING - Dll skipped! (1856)(0x77ec0000)(Exception)(DLL name cannot be extracted! (0x77ec0000)(PagedInvalidAddressException)(Page Fault at entry 0x8bdcd37800000400 in page entry))
2026-04-17 19:39:11,721 - BaselineDll - WARNING - DLL name cannot be extracted! (0x75e90000)(SwappedInvalidAddressException)()
2026-04-17 19:39:11,721 - BaselineProcess - WARNING - Dll skipped! (2040)(0x75e90000)(Exception)(DLL name cannot be extracted! (0x75e90000)(SwappedInvalidAddressException)())
2026-04-17 19:39:11,722 - BaselineDll - WARNING - DLL name cannot be extracted! (0x744c0000)(SwappedInvalidAddressException)()
2026-04-17 19:39:11,722 - BaselineProcess - WARNING - Dll skipped! (2040)(0x744c0000)(Exception)(DLL name cannot be extracted! (0x744c0000)(SwappedInvalidAddressException)())
2026-04-17 19:39:11,724 - BaselineDll - WARNING - DLL name cannot be extracted! (0x74710000)(SwappedInvalidAddressException)()
2026-04-17 19:39:11,724 - BaselineProcess - WARNING - Dll skipped! (2040)(0x74710000)(Exception)(DLL name cannot be extracted! (0x74710000)(SwappedInvalidAddressException)())
2026-04-17 19:39:11,724 - BaselineDll - WARNING - DLL name cannot be extracted! (0x76420000)(SwappedInvalidAddressException)()
2026-04-17 19:39:11,724 - BaselineProcess - WARNING - Dll skipped! (2040)(0x76420000)(Exception)(DLL name cannot be extracted! (0x76420000)(SwappedInvalidAddressException)())
2026-04-17 19:39:11,724 - BaselineDll - WARNING - DLL name cannot be extracted! (0x76000000)(SwappedInvalidAddressException)()
2026-04-17 19:39:11,724 - BaselineProcess - WARNING - Dll skipped! (2040)(0x76000000)(Exception)(DLL name cannot be extracted! (0x76000000)(SwappedInvalidAddressException)())
2026-04-17 19:39:11,725 - BaselineDll - WARNING - DLL name cannot be extracted! (0x76030000)(SwappedInvalidAddressException)()
2026-04-17 19:39:11,725 - BaselineProcess - WARNING - Dll skipped! (2040)(0x76030000)(Exception)(DLL name cannot be extracted! (0x76030000)(SwappedInvalidAddressException)())
2026-04-17 19:39:11,726 - BaselineDll - WARNING - DLL name cannot be extracted! (0x75490000)(SwappedInvalidAddressException)()
2026-04-17 19:39:11,726 - BaselineProcess - WARNING - Dll skipped! (2040)(0x75490000)(Exception)(DLL name cannot be extracted! (0x75490000)(SwappedInvalidAddressException)())
2026-04-17 19:39:11,727 - BaselineDll - WARNING - DLL name cannot be extracted! (0x744e0000)(SwappedInvalidAddressException)()
2026-04-17 19:39:11,727 - BaselineProcess - WARNING - Dll skipped! (2040)(0x744e0000)(Exception)(DLL name cannot be extracted! (0x744e0000)(SwappedInvalidAddressException)())
2026-04-17 19:39:11,738 - BaselineDll - WARNING - DLL name cannot be extracted! (0x735e0000)(SwappedInvalidAddressException)()
2026-04-17 19:39:11,738 - BaselineProcess - WARNING - Dll skipped! (388)(0x735e0000)(Exception)(DLL name cannot be extracted! (0x735e0000)(SwappedInvalidAddressException)())
2026-04-17 19:39:11,739 - BaselineDll - WARNING - DLL name cannot be extracted! (0x75990000)(SwappedInvalidAddressException)()
2026-04-17 19:39:11,739 - BaselineProcess - WARNING - Dll skipped! (388)(0x75990000)(Exception)(DLL name cannot be extracted! (0x75990000)(SwappedInvalidAddressException)())
2026-04-17 19:39:11,739 - BaselineDll - WARNING - DLL name cannot be extracted! (0x75730000)(SwappedInvalidAddressException)()
2026-04-17 19:39:11,740 - BaselineProcess - WARNING - Dll skipped! (388)(0x75730000)(Exception)(DLL name cannot be extracted! (0x75730000)(SwappedInvalidAddressException)())
2026-04-17 19:39:11,740 - BaselineDll - WARNING - DLL name cannot be extracted! (0x75f00000)(SwappedInvalidAddressException)()
2026-04-17 19:39:11,740 - BaselineProcess - WARNING - Dll skipped! (388)(0x75f00000)(Exception)(DLL name cannot be extracted! (0x75f00000)(SwappedInvalidAddressException)())
2026-04-17 19:39:11,740 - BaselineDll - WARNING - DLL name cannot be extracted! (0x72ac0000)(SwappedInvalidAddressException)()
2026-04-17 19:39:11,740 - BaselineProcess - WARNING - Dll skipped! (388)(0x72ac0000)(Exception)(DLL name cannot be extracted! (0x72ac0000)(SwappedInvalidAddressException)())
2026-04-17 19:39:11,740 - BaselineDll - WARNING - DLL name cannot be extracted! (0x72d10000)(SwappedInvalidAddressException)()
2026-04-17 19:39:11,740 - BaselineProcess - WARNING - Dll skipped! (388)(0x72d10000)(Exception)(DLL name cannot be extracted! (0x72d10000)(SwappedInvalidAddressException)())
2026-04-17 19:39:11,741 - BaselineDll - WARNING - DLL name cannot be extracted! (0x73d60000)(SwappedInvalidAddressException)()
2026-04-17 19:39:11,741 - BaselineProcess - WARNING - Dll skipped! (388)(0x73d60000)(Exception)(DLL name cannot be extracted! (0x73d60000)(SwappedInvalidAddressException)())
2026-04-17 19:39:12,082 - BaselineDll - WARNING - DLL name cannot be extracted! (0x77ec0000)(PagedInvalidAddressException)(Page Fault at entry 0x8bdcd37800000400 in page entry)
2026-04-17 19:39:12,083 - BaselineProcess - WARNING - Dll skipped! (3884)(0x77ec0000)(Exception)(DLL name cannot be extracted! (0x77ec0000)(PagedInvalidAddressException)(Page Fault at entry 0x8bdcd37800000400 in page entry))
2026-04-17 19:39:12,179 - BaselineProcess - WARNING - Process commandline could not be extracted! (2372)(PagedInvalidAddressException)(Page Fault at entry 0x74c5a801 in table page directory)
2026-04-17 19:39:12,432 - BaselineDll - WARNING - DLL name cannot be extracted! (0x77ec0000)(PagedInvalidAddressException)(Page Fault at entry 0x8bdcd37800000400 in page entry)
2026-04-17 19:39:12,432 - BaselineProcess - WARNING - Dll skipped! (9664)(0x77ec0000)(Exception)(DLL name cannot be extracted! (0x77ec0000)(PagedInvalidAddressException)(Page Fault at entry 0x8bdcd37800000400 in page entry))
2026-04-17 19:39:12,462 - BaselineProcess - WARNING - Process commandline could not be extracted! (12552)(PagedInvalidAddressException)(Page Fault at entry 0x58bca801 in table page directory)
2026-04-17 19:39:12,467 - volatility3.plugins.yarascan - INFO - Neither yara-x nor yara-python (>3.8.0) module was found, plugin (and dependent plugins) not available
2026-04-17 19:39:12,468 - volatility3.plugins.yarascan - INFO - Neither yara-x nor yara-python (>3.8.0) module was found, plugin (and dependent plugins) not available
2026-04-17 19:39:12,470 - volatility3.plugins.yarascan - INFO - Neither yara-x nor yara-python (>3.8.0) module was found, plugin (and dependent plugins) not available
2026-04-17 19:39:12,472 - volatility3.plugins.yarascan - INFO - Neither yara-x nor yara-python (>3.8.0) module was found, plugin (and dependent plugins) not available
2026-04-17 19:39:12,472 - volatility3.plugins.yarascan - INFO - Neither yara-x nor yara-python (>3.8.0) module was found, plugin (and dependent plugins) not available
2026-04-17 19:39:12,473 - volatility3.plugins.yarascan - INFO - Neither yara-x nor yara-python (>3.8.0) module was found, plugin (and dependent plugins) not available
2026-04-17 19:39:12,474 - volatility3.plugins.yarascan - INFO - Neither yara-x nor yara-python (>3.8.0) module was found, plugin (and dependent plugins) not available
2026-04-17 19:39:12,474 - volatility3.plugins.yarascan - INFO - Neither yara-x nor yara-python (>3.8.0) module was found, plugin (and dependent plugins) not available
2026-04-17 19:39:12,476 - BaselineService - WARNING - Volatility init failures! ['volatility3.plugins.yarascan', 'volatility3.plugins.linux.vmayarascan', 'volatility3.plugins.windows.indirect_system_calls', 'volatility3.plugins.windows.cachedump', 'volatility3.plugins.windows.lsadump', 'volatility3.plugins.windows.direct_system_calls', 'volatility3.plugins.windows.vadyarascan', 'volatility3.plugins.windows.hashdump', 'volatility3.plugins.windows.mftscan', 'volatility3.plugins.windows.malware.indirect_system_calls', 'volatility3.plugins.windows.malware.direct_system_calls', 'volatility3.plugins.windows.registry.cachedump', 'volatility3.plugins.windows.registry.lsadump', 'volatility3.plugins.windows.registry.hashdump']
2026-04-17 19:39:12,476 - volatility3.framework.automagic - INFO - Detected a windows category plugin
2026-04-17 19:39:12,477 - volatility3.framework.automagic - INFO - Running automagic: ConstructionMagic
2026-04-17 19:39:12,480 - volatility3.framework.automagic - INFO - Running automagic: SymbolCacheMagic
2026-04-17 19:39:12,483 - volatility3.framework.automagic - INFO - Running automagic: LayerStacker
2026-04-17 19:39:13,431 - volatility3.framework.automagic - INFO - Running automagic: WinSwapLayers
2026-04-17 19:39:13,431 - volatility3.framework.automagic - INFO - Running automagic: KernelPDBScanner
2026-04-17 19:39:13,508 - volatility3.schemas - INFO - Dependency for validation unavailable: jsonschema
2026-04-17 19:39:13,508 - volatility3.framework.automagic - INFO - Running automagic: SymbolFinder
2026-04-17 19:39:13,508 - volatility3.framework.automagic - INFO - Running automagic: KernelModule
2026-04-17 19:39:13,543 - volatility3.schemas - INFO - Dependency for validation unavailable: jsonschema
2026-04-17 19:39:13,650 - volatility3.schemas - INFO - Dependency for validation unavailable: jsonschema
2026-04-17 19:39:19,327 - root - INFO - Processing image to compare
2026-04-17 19:39:19,328 - volatility3.plugins.yarascan - INFO - Neither yara-x nor yara-python (>3.8.0) module was found, plugin (and dependent plugins) not available
2026-04-17 19:39:19,329 - volatility3.plugins.yarascan - INFO - Neither yara-x nor yara-python (>3.8.0) module was found, plugin (and dependent plugins) not available
2026-04-17 19:39:19,330 - volatility3.plugins.yarascan - INFO - Neither yara-x nor yara-python (>3.8.0) module was found, plugin (and dependent plugins) not available
2026-04-17 19:39:19,333 - volatility3.plugins.yarascan - INFO - Neither yara-x nor yara-python (>3.8.0) module was found, plugin (and dependent plugins) not available
2026-04-17 19:39:19,333 - volatility3.plugins.yarascan - INFO - Neither yara-x nor yara-python (>3.8.0) module was found, plugin (and dependent plugins) not available
2026-04-17 19:39:19,334 - volatility3.plugins.yarascan - INFO - Neither yara-x nor yara-python (>3.8.0) module was found, plugin (and dependent plugins) not available
2026-04-17 19:39:19,335 - volatility3.plugins.yarascan - INFO - Neither yara-x nor yara-python (>3.8.0) module was found, plugin (and dependent plugins) not available
2026-04-17 19:39:19,336 - volatility3.plugins.yarascan - INFO - Neither yara-x nor yara-python (>3.8.0) module was found, plugin (and dependent plugins) not available
2026-04-17 19:39:19,337 - BaselineProcessList - WARNING - Volatility init failures! ['volatility3.plugins.yarascan', 'volatility3.plugins.linux.vmayarascan', 'volatility3.plugins.windows.indirect_system_calls', 'volatility3.plugins.windows.cachedump', 'volatility3.plugins.windows.lsadump', 'volatility3.plugins.windows.direct_system_calls', 'volatility3.plugins.windows.vadyarascan', 'volatility3.plugins.windows.hashdump', 'volatility3.plugins.windows.mftscan', 'volatility3.plugins.windows.malware.indirect_system_calls', 'volatility3.plugins.windows.malware.direct_system_calls', 'volatility3.plugins.windows.registry.cachedump', 'volatility3.plugins.windows.registry.lsadump', 'volatility3.plugins.windows.registry.hashdump']
2026-04-17 19:39:19,337 - volatility3.framework.automagic - INFO - Detected a windows category plugin
2026-04-17 19:39:19,338 - volatility3.framework.automagic - INFO - Running automagic: ConstructionMagic
2026-04-17 19:39:19,340 - volatility3.framework.automagic - INFO - Running automagic: SymbolCacheMagic
2026-04-17 19:39:19,343 - volatility3.framework.automagic - INFO - Running automagic: LayerStacker
2026-04-17 19:39:19,358 - volatility3.framework.automagic.linux - INFO - No Linux banners found - if this is a linux plugin, please check your symbol files location
2026-04-17 19:39:19,358 - volatility3.framework.automagic.mac - INFO - No Mac banners found - if this is a mac plugin, please check your symbol files location
2026-04-17 19:39:19,359 - volatility3.framework.automagic.linux - INFO - No Linux banners found - if this is a linux plugin, please check your symbol files location
2026-04-17 19:39:20,332 - volatility3.framework.automagic - INFO - Running automagic: WinSwapLayers
2026-04-17 19:39:20,332 - volatility3.framework.automagic - INFO - Running automagic: KernelPDBScanner
2026-04-17 19:39:20,417 - volatility3.schemas - INFO - Dependency for validation unavailable: jsonschema
2026-04-17 19:39:20,418 - volatility3.framework.automagic - INFO - Running automagic: SymbolFinder
2026-04-17 19:39:20,418 - volatility3.framework.automagic - INFO - Running automagic: KernelModule
2026-04-17 19:39:20,418 - volatility3.framework.automagic - INFO - Running automagic: ConstructionMagic
2026-04-17 19:39:20,418 - volatility3.framework.automagic - INFO - Running automagic: SymbolCacheMagic
2026-04-17 19:39:20,421 - volatility3.framework.automagic - INFO - Running automagic: LayerStacker
2026-04-17 19:39:20,422 - volatility3.framework.automagic - INFO - Running automagic: WinSwapLayers
2026-04-17 19:39:20,422 - volatility3.framework.automagic - INFO - Running automagic: KernelPDBScanner
2026-04-17 19:39:20,422 - volatility3.framework.automagic - INFO - Running automagic: SymbolFinder
2026-04-17 19:39:20,422 - volatility3.framework.automagic - INFO - Running automagic: KernelModule
2026-04-17 19:39:20,447 - BaselineProcess - WARNING - Process commandline could not be extracted! (4)(PagedInvalidAddressException)(Page Fault at entry 0x0 in page entry)
2026-04-17 19:39:21,058 - BaselineDll - WARNING - DLL name cannot be extracted! (0x770d0000)(PagedInvalidAddressException)(Page Fault at entry 0x8bdeb37800000400 in page entry)
2026-04-17 19:39:21,059 - BaselineProcess - WARNING - Dll skipped! (1516)(0x770d0000)(Exception)(DLL name cannot be extracted! (0x770d0000)(PagedInvalidAddressException)(Page Fault at entry 0x8bdeb37800000400 in page entry))
2026-04-17 19:39:21,085 - BaselineDll - WARNING - DLL name cannot be extracted! (0x770d0000)(PagedInvalidAddressException)(Page Fault at entry 0x8bdeb37800000400 in page entry)
2026-04-17 19:39:21,085 - BaselineProcess - WARNING - Dll skipped! (1604)(0x770d0000)(Exception)(DLL name cannot be extracted! (0x770d0000)(PagedInvalidAddressException)(Page Fault at entry 0x8bdeb37800000400 in page entry))
2026-04-17 19:39:21,103 - BaselineProcess - WARNING - Process commandline could not be extracted! (1624)(PagedInvalidAddressException)(Page Fault at entry 0x1238d801 in table page directory)
2026-04-17 19:39:21,118 - BaselineDll - WARNING - DLL name cannot be extracted! (0x644c0000)(SwappedInvalidAddressException)()
2026-04-17 19:39:21,118 - BaselineProcess - WARNING - Dll skipped! (1740)(0x644c0000)(Exception)(DLL name cannot be extracted! (0x644c0000)(SwappedInvalidAddressException)())
2026-04-17 19:39:21,206 - BaselineDll - WARNING - DLL name cannot be extracted! (0x75ae0000)(SwappedInvalidAddressException)()
2026-04-17 19:39:21,206 - BaselineProcess - WARNING - Dll skipped! (1964)(0x75ae0000)(Exception)(DLL name cannot be extracted! (0x75ae0000)(SwappedInvalidAddressException)())
2026-04-17 19:39:21,206 - BaselineDll - WARNING - DLL name cannot be extracted! (0x77230000)(SwappedInvalidAddressException)()
2026-04-17 19:39:21,206 - BaselineProcess - WARNING - Dll skipped! (1964)(0x77230000)(Exception)(DLL name cannot be extracted! (0x77230000)(SwappedInvalidAddressException)())
2026-04-17 19:39:21,216 - BaselineDll - WARNING - DLL name cannot be extracted! (0x770d0000)(PagedInvalidAddressException)(Page Fault at entry 0x8bdeb37800000400 in page entry)
2026-04-17 19:39:21,216 - BaselineProcess - WARNING - Dll skipped! (200)(0x770d0000)(Exception)(DLL name cannot be extracted! (0x770d0000)(PagedInvalidAddressException)(Page Fault at entry 0x8bdeb37800000400 in page entry))
2026-04-17 19:39:21,232 - BaselineDll - WARNING - DLL name cannot be extracted! (0x1110000)(SwappedInvalidAddressException)()
2026-04-17 19:39:21,232 - BaselineProcess - WARNING - Dll skipped! (200)(0x1110000)(Exception)(DLL name cannot be extracted! (0x1110000)(SwappedInvalidAddressException)())
2026-04-17 19:39:21,232 - BaselineDll - WARNING - DLL path cannot be extracted! (0x61000000)(SwappedInvalidAddressException)()
2026-04-17 19:39:21,232 - BaselineProcess - WARNING - Dll skipped! (200)(0x61000000)(Exception)(DLL path cannot be extracted! (0x61000000)(SwappedInvalidAddressException)())
2026-04-17 19:39:21,565 - BaselineDll - WARNING - DLL name cannot be extracted! (0x770d0000)(PagedInvalidAddressException)(Page Fault at entry 0x8bdeb37800000400 in page entry)
2026-04-17 19:39:21,565 - BaselineProcess - WARNING - Dll skipped! (2944)(0x770d0000)(Exception)(DLL name cannot be extracted! (0x770d0000)(PagedInvalidAddressException)(Page Fault at entry 0x8bdeb37800000400 in page entry))
2026-04-17 19:39:21,571 - BaselineDll - WARNING - DLL name cannot be extracted! (0x72880000)(SwappedInvalidAddressException)()
2026-04-17 19:39:21,571 - BaselineProcess - WARNING - Dll skipped! (2944)(0x72880000)(Exception)(DLL name cannot be extracted! (0x72880000)(SwappedInvalidAddressException)())
2026-04-17 19:39:21,572 - BaselineDll - WARNING - DLL name cannot be extracted! (0x72a40000)(SwappedInvalidAddressException)()
2026-04-17 19:39:21,572 - BaselineProcess - WARNING - Dll skipped! (2944)(0x72a40000)(Exception)(DLL name cannot be extracted! (0x72a40000)(SwappedInvalidAddressException)())
2026-04-17 19:39:21,572 - BaselineDll - WARNING - DLL name cannot be extracted! (0x75aa0000)(SwappedInvalidAddressException)()
2026-04-17 19:39:21,572 - BaselineProcess - WARNING - Dll skipped! (2944)(0x75aa0000)(Exception)(DLL name cannot be extracted! (0x75aa0000)(SwappedInvalidAddressException)())
2026-04-17 19:39:21,572 - BaselineDll - WARNING - DLL name cannot be extracted! (0x76d30000)(SwappedInvalidAddressException)()
2026-04-17 19:39:21,572 - BaselineProcess - WARNING - Dll skipped! (2944)(0x76d30000)(Exception)(DLL name cannot be extracted! (0x76d30000)(SwappedInvalidAddressException)())
2026-04-17 19:39:21,573 - BaselineDll - WARNING - DLL name cannot be extracted! (0x648f0000)(SwappedInvalidAddressException)()
2026-04-17 19:39:21,573 - BaselineProcess - WARNING - Dll skipped! (2944)(0x648f0000)(Exception)(DLL name cannot be extracted! (0x648f0000)(SwappedInvalidAddressException)())
2026-04-17 19:39:21,573 - BaselineDll - WARNING - DLL name cannot be extracted! (0x72480000)(SwappedInvalidAddressException)()
2026-04-17 19:39:21,573 - BaselineProcess - WARNING - Dll skipped! (2944)(0x72480000)(Exception)(DLL name cannot be extracted! (0x72480000)(SwappedInvalidAddressException)())
2026-04-17 19:39:21,573 - BaselineDll - WARNING - DLL name cannot be extracted! (0x64140000)(SwappedInvalidAddressException)()
2026-04-17 19:39:21,573 - BaselineProcess - WARNING - Dll skipped! (2944)(0x64140000)(Exception)(DLL name cannot be extracted! (0x64140000)(SwappedInvalidAddressException)())
2026-04-17 19:39:21,573 - BaselineDll - WARNING - DLL name cannot be extracted! (0x10000000)(SwappedInvalidAddressException)()
2026-04-17 19:39:21,573 - BaselineProcess - WARNING - Dll skipped! (2944)(0x10000000)(Exception)(DLL name cannot be extracted! (0x10000000)(SwappedInvalidAddressException)())
2026-04-17 19:39:21,581 - BaselineDll - WARNING - DLL name cannot be extracted! (0x770d0000)(PagedInvalidAddressException)(Page Fault at entry 0x8bdeb37800000400 in page entry)
2026-04-17 19:39:21,581 - BaselineProcess - WARNING - Dll skipped! (2864)(0x770d0000)(Exception)(DLL name cannot be extracted! (0x770d0000)(PagedInvalidAddressException)(Page Fault at entry 0x8bdeb37800000400 in page entry))
2026-04-17 19:39:21,591 - BaselineDll - WARNING - DLL name cannot be extracted! (0x75760000)(SwappedInvalidAddressException)()
2026-04-17 19:39:21,591 - BaselineProcess - WARNING - Dll skipped! (2864)(0x75760000)(Exception)(DLL name cannot be extracted! (0x75760000)(SwappedInvalidAddressException)())
2026-04-17 19:39:21,593 - BaselineDll - WARNING - DLL name cannot be extracted! (0x3c0000)(SwappedInvalidAddressException)()
2026-04-17 19:39:21,593 - BaselineProcess - WARNING - Dll skipped! (2864)(0x3c0000)(Exception)(DLL name cannot be extracted! (0x3c0000)(SwappedInvalidAddressException)())
2026-04-17 19:39:21,596 - BaselineDll - WARNING - DLL name cannot be extracted! (0x76d90000)(SwappedInvalidAddressException)()
2026-04-17 19:39:21,596 - BaselineProcess - WARNING - Dll skipped! (2864)(0x76d90000)(Exception)(DLL name cannot be extracted! (0x76d90000)(SwappedInvalidAddressException)())
2026-04-17 19:39:21,597 - BaselineDll - WARNING - DLL name cannot be extracted! (0x75250000)(SwappedInvalidAddressException)()
2026-04-17 19:39:21,597 - BaselineProcess - WARNING - Dll skipped! (2864)(0x75250000)(Exception)(DLL name cannot be extracted! (0x75250000)(SwappedInvalidAddressException)())
2026-04-17 19:39:21,598 - BaselineDll - WARNING - DLL name cannot be extracted! (0x72870000)(SwappedInvalidAddressException)()
2026-04-17 19:39:21,598 - BaselineProcess - WARNING - Dll skipped! (2864)(0x72870000)(Exception)(DLL name cannot be extracted! (0x72870000)(SwappedInvalidAddressException)())
2026-04-17 19:39:21,598 - BaselineDll - WARNING - DLL name cannot be extracted! (0x1410000)(SwappedInvalidAddressException)()
2026-04-17 19:39:21,598 - BaselineProcess - WARNING - Dll skipped! (2864)(0x1410000)(Exception)(DLL name cannot be extracted! (0x1410000)(SwappedInvalidAddressException)())
2026-04-17 19:39:21,599 - BaselineDll - WARNING - DLL name cannot be extracted! (0x73730000)(SwappedInvalidAddressException)()
2026-04-17 19:39:21,599 - BaselineProcess - WARNING - Dll skipped! (2864)(0x73730000)(Exception)(DLL name cannot be extracted! (0x73730000)(SwappedInvalidAddressException)())
2026-04-17 19:39:21,600 - BaselineDll - WARNING - DLL name cannot be extracted! (0x14100000)(SwappedInvalidAddressException)()
2026-04-17 19:39:21,600 - BaselineProcess - WARNING - Dll skipped! (2864)(0x14100000)(Exception)(DLL name cannot be extracted! (0x14100000)(SwappedInvalidAddressException)())
2026-04-17 19:39:21,602 - BaselineDll - WARNING - DLL name cannot be extracted! (0x1b60000)(SwappedInvalidAddressException)()
2026-04-17 19:39:21,602 - BaselineProcess - WARNING - Dll skipped! (2864)(0x1b60000)(Exception)(DLL name cannot be extracted! (0x1b60000)(SwappedInvalidAddressException)())
2026-04-17 19:39:21,603 - BaselineProcess - WARNING - Process commandline could not be extracted! (3264)(PagedInvalidAddressException)(Page Fault at entry 0x31ccd801 in table page directory)
2026-04-17 19:39:21,615 - BaselineProcess - WARNING - Process commandline could not be extracted! (3472)(PagedInvalidAddressException)(Page Fault at entry 0x19ebc801 in table page directory)
2026-04-17 19:39:21,616 - BaselineProcess - WARNING - Process commandline could not be extracted! (3796)(PagedInvalidAddressException)(Page Fault at entry 0x32dbe801 in table page directory)
2026-04-17 19:39:21,617 - BaselineProcess - WARNING - Process commandline could not be extracted! (1208)(PagedInvalidAddressException)(Page Fault at entry 0x1e9b9801 in table page directory)
2026-04-17 19:39:21,725 - BaselineProcess - WARNING - Process commandline could not be extracted! (3612)(PagedInvalidAddressException)(Page Fault at entry 0x3460a801 in table page directory)
2026-04-17 19:39:21,748 - BaselineProcess - WARNING - Process commandline could not be extracted! (5008)(PagedInvalidAddressException)(Page Fault at entry 0x28c19801 in table page directory)
2026-04-17 19:39:21,804 - volatility3.plugins.yarascan - INFO - Neither yara-x nor yara-python (>3.8.0) module was found, plugin (and dependent plugins) not available
2026-04-17 19:39:21,805 - volatility3.plugins.yarascan - INFO - Neither yara-x nor yara-python (>3.8.0) module was found, plugin (and dependent plugins) not available
2026-04-17 19:39:21,806 - volatility3.plugins.yarascan - INFO - Neither yara-x nor yara-python (>3.8.0) module was found, plugin (and dependent plugins) not available
2026-04-17 19:39:21,808 - volatility3.plugins.yarascan - INFO - Neither yara-x nor yara-python (>3.8.0) module was found, plugin (and dependent plugins) not available
2026-04-17 19:39:21,809 - volatility3.plugins.yarascan - INFO - Neither yara-x nor yara-python (>3.8.0) module was found, plugin (and dependent plugins) not available
2026-04-17 19:39:21,810 - volatility3.plugins.yarascan - INFO - Neither yara-x nor yara-python (>3.8.0) module was found, plugin (and dependent plugins) not available
2026-04-17 19:39:21,810 - volatility3.plugins.yarascan - INFO - Neither yara-x nor yara-python (>3.8.0) module was found, plugin (and dependent plugins) not available
2026-04-17 19:39:21,811 - volatility3.plugins.yarascan - INFO - Neither yara-x nor yara-python (>3.8.0) module was found, plugin (and dependent plugins) not available
2026-04-17 19:39:21,812 - BaselineService - WARNING - Volatility init failures! ['volatility3.plugins.yarascan', 'volatility3.plugins.linux.vmayarascan', 'volatility3.plugins.windows.indirect_system_calls', 'volatility3.plugins.windows.cachedump', 'volatility3.plugins.windows.lsadump', 'volatility3.plugins.windows.direct_system_calls', 'volatility3.plugins.windows.vadyarascan', 'volatility3.plugins.windows.hashdump', 'volatility3.plugins.windows.mftscan', 'volatility3.plugins.windows.malware.indirect_system_calls', 'volatility3.plugins.windows.malware.direct_system_calls', 'volatility3.plugins.windows.registry.cachedump', 'volatility3.plugins.windows.registry.lsadump', 'volatility3.plugins.windows.registry.hashdump']
2026-04-17 19:39:21,813 - volatility3.framework.automagic - INFO - Detected a windows category plugin
2026-04-17 19:39:21,814 - volatility3.framework.automagic - INFO - Running automagic: ConstructionMagic
2026-04-17 19:39:21,816 - volatility3.framework.automagic - INFO - Running automagic: SymbolCacheMagic
2026-04-17 19:39:21,819 - volatility3.framework.automagic - INFO - Running automagic: LayerStacker
2026-04-17 19:39:22,761 - volatility3.framework.automagic - INFO - Running automagic: WinSwapLayers
2026-04-17 19:39:22,761 - volatility3.framework.automagic - INFO - Running automagic: KernelPDBScanner
2026-04-17 19:39:22,842 - volatility3.schemas - INFO - Dependency for validation unavailable: jsonschema
2026-04-17 19:39:22,843 - volatility3.framework.automagic - INFO - Running automagic: SymbolFinder
2026-04-17 19:39:22,843 - volatility3.framework.automagic - INFO - Running automagic: KernelModule
2026-04-17 19:39:22,877 - volatility3.schemas - INFO - Dependency for validation unavailable: jsonschema
2026-04-17 19:39:22,900 - volatility3.schemas - INFO - Dependency for validation unavailable: jsonschema
