# [  22.1/2029 GiB] unique=0 rate=0.7 GiB/s
# [  47.9/2029 GiB] unique=0 rate=0.8 GiB/s
# [  74.7/2029 GiB] unique=0 rate=0.8 GiB/s
hit @ 90,505,740,288 (  84.29 GiB): label='DataVol1'     fs_size=200.0 GiB uuid=814d8ec24486483d
# [ 100.9/2029 GiB] unique=1 rate=0.8 GiB/s
# [ 117.3/2029 GiB] unique=1 rate=0.8 GiB/s
# [ 142.8/2029 GiB] unique=1 rate=0.8 GiB/s
# [ 168.1/2029 GiB] unique=1 rate=0.8 GiB/s
# [ 192.0/2029 GiB] unique=1 rate=0.8 GiB/s
# [ 216.2/2029 GiB] unique=1 rate=0.8 GiB/s
# [ 239.6/2029 GiB] unique=1 rate=0.8 GiB/s
# [ 263.6/2029 GiB] unique=1 rate=0.8 GiB/s
hit @ 305,254,105,088 ( 284.29 GiB): label='DataVol2'     fs_size=1500.0 GiB uuid=a7e68e4e62924f34
# [ 286.0/2029 GiB] unique=2 rate=0.8 GiB/s
# [ 304.4/2029 GiB] unique=2 rate=0.8 GiB/s
# [ 328.8/2029 GiB] unique=2 rate=0.8 GiB/s
# [ 352.4/2029 GiB] unique=2 rate=0.8 GiB/s
# [ 378.1/2029 GiB] unique=2 rate=0.8 GiB/s
# [ 403.6/2029 GiB] unique=2 rate=0.8 GiB/s
# [ 428.8/2029 GiB] unique=2 rate=0.8 GiB/s
# [ 453.8/2029 GiB] unique=2 rate=0.8 GiB/s
# [ 479.8/2029 GiB] unique=2 rate=0.8 GiB/s
# [ 503.8/2029 GiB] unique=2 rate=0.8 GiB/s
# [ 530.0/2029 GiB] unique=2 rate=0.8 GiB/s
# [ 556.0/2029 GiB] unique=2 rate=0.8 GiB/s
# [ 581.9/2029 GiB] unique=2 rate=0.8 GiB/s
# [ 608.1/2029 GiB] unique=2 rate=0.8 GiB/s
# [ 633.9/2029 GiB] unique=2 rate=0.8 GiB/s
# [ 659.2/2029 GiB] unique=2 rate=0.8 GiB/s
# [ 683.2/2029 GiB] unique=2 rate=0.8 GiB/s
# [ 707.4/2029 GiB] unique=2 rate=0.8 GiB/s
# [ 720.1/2029 GiB] unique=2 rate=0.8 GiB/s
# [ 730.2/2029 GiB] unique=2 rate=0.8 GiB/s
# [ 742.6/2029 GiB] unique=2 rate=0.8 GiB/s
# [ 756.4/2029 GiB] unique=2 rate=0.8 GiB/s
# [ 770.8/2029 GiB] unique=2 rate=0.8 GiB/s
# [ 785.6/2029 GiB] unique=2 rate=0.7 GiB/s
# [ 800.1/2029 GiB] unique=2 rate=0.7 GiB/s
# [ 814.5/2029 GiB] unique=2 rate=0.7 GiB/s
# [ 828.8/2029 GiB] unique=2 rate=0.7 GiB/s
# [ 842.5/2029 GiB] unique=2 rate=0.7 GiB/s
# [ 852.4/2029 GiB] unique=2 rate=0.7 GiB/s
# [ 863.3/2029 GiB] unique=2 rate=0.7 GiB/s
# [ 873.8/2029 GiB] unique=2 rate=0.7 GiB/s
# [ 885.1/2029 GiB] unique=2 rate=0.7 GiB/s
# [ 896.6/2029 GiB] unique=2 rate=0.7 GiB/s
# [ 906.6/2029 GiB] unique=2 rate=0.7 GiB/s
# [ 917.6/2029 GiB] unique=2 rate=0.7 GiB/s
# [ 929.5/2029 GiB] unique=2 rate=0.7 GiB/s
# [ 941.7/2029 GiB] unique=2 rate=0.7 GiB/s
# [ 952.2/2029 GiB] unique=2 rate=0.6 GiB/s
# [ 963.9/2029 GiB] unique=2 rate=0.6 GiB/s
# [ 975.4/2029 GiB] unique=2 rate=0.6 GiB/s
# [ 987.2/2029 GiB] unique=2 rate=0.6 GiB/s
# [ 999.4/2029 GiB] unique=2 rate=0.6 GiB/s
# [1010.1/2029 GiB] unique=2 rate=0.6 GiB/s
# [1021.4/2029 GiB] unique=2 rate=0.6 GiB/s
# [1031.9/2029 GiB] unique=2 rate=0.6 GiB/s
# [1043.4/2029 GiB] unique=2 rate=0.6 GiB/s
# [1055.7/2029 GiB] unique=2 rate=0.6 GiB/s
# [1067.6/2029 GiB] unique=2 rate=0.6 GiB/s
# [1078.5/2029 GiB] unique=2 rate=0.6 GiB/s
# [1088.9/2029 GiB] unique=2 rate=0.6 GiB/s
# [1100.7/2029 GiB] unique=2 rate=0.6 GiB/s
# [1112.1/2029 GiB] unique=2 rate=0.6 GiB/s
# [1123.5/2029 GiB] unique=2 rate=0.6 GiB/s
# [1133.3/2029 GiB] unique=2 rate=0.6 GiB/s
# [1143.1/2029 GiB] unique=2 rate=0.6 GiB/s
# [1151.9/2029 GiB] unique=2 rate=0.6 GiB/s
# [1161.8/2029 GiB] unique=2 rate=0.6 GiB/s
# [1172.2/2029 GiB] unique=2 rate=0.6 GiB/s
# [1182.8/2029 GiB] unique=2 rate=0.6 GiB/s
# [1194.2/2029 GiB] unique=2 rate=0.6 GiB/s
# [1206.7/2029 GiB] unique=2 rate=0.6 GiB/s
# [1218.4/2029 GiB] unique=2 rate=0.6 GiB/s
# [1230.8/2029 GiB] unique=2 rate=0.6 GiB/s
# [1243.2/2029 GiB] unique=2 rate=0.6 GiB/s
# [1255.8/2029 GiB] unique=2 rate=0.5 GiB/s
# [1268.3/2029 GiB] unique=2 rate=0.5 GiB/s
# [1280.9/2029 GiB] unique=2 rate=0.5 GiB/s
# [1293.6/2029 GiB] unique=2 rate=0.5 GiB/s
# [1305.6/2029 GiB] unique=2 rate=0.5 GiB/s
# [1318.0/2029 GiB] unique=2 rate=0.5 GiB/s
# [1330.6/2029 GiB] unique=2 rate=0.5 GiB/s
# [1342.4/2029 GiB] unique=2 rate=0.5 GiB/s
# [1355.1/2029 GiB] unique=2 rate=0.5 GiB/s
# [1367.1/2029 GiB] unique=2 rate=0.5 GiB/s
# [1378.6/2029 GiB] unique=2 rate=0.5 GiB/s
# [1391.2/2029 GiB] unique=2 rate=0.5 GiB/s
# [1404.2/2029 GiB] unique=2 rate=0.5 GiB/s
# [1416.1/2029 GiB] unique=2 rate=0.5 GiB/s
# [1427.8/2029 GiB] unique=2 rate=0.5 GiB/s
# [1439.8/2029 GiB] unique=2 rate=0.5 GiB/s
# [1452.0/2029 GiB] unique=2 rate=0.5 GiB/s
# [1463.9/2029 GiB] unique=2 rate=0.5 GiB/s
# [1476.6/2029 GiB] unique=2 rate=0.5 GiB/s
# [1488.8/2029 GiB] unique=2 rate=0.5 GiB/s
# [1501.2/2029 GiB] unique=2 rate=0.5 GiB/s
# [1513.7/2029 GiB] unique=2 rate=0.5 GiB/s
# [1525.9/2029 GiB] unique=2 rate=0.5 GiB/s
# [1538.6/2029 GiB] unique=2 rate=0.5 GiB/s
# [1551.4/2029 GiB] unique=2 rate=0.5 GiB/s
# [1563.6/2029 GiB] unique=2 rate=0.5 GiB/s
# [1575.9/2029 GiB] unique=2 rate=0.5 GiB/s
# [1588.1/2029 GiB] unique=2 rate=0.5 GiB/s
# [1600.6/2029 GiB] unique=2 rate=0.5 GiB/s
# [1611.6/2029 GiB] unique=2 rate=0.5 GiB/s
# [1623.0/2029 GiB] unique=2 rate=0.5 GiB/s
# [1634.3/2029 GiB] unique=2 rate=0.5 GiB/s
# [1645.6/2029 GiB] unique=2 rate=0.5 GiB/s
# [1656.4/2029 GiB] unique=2 rate=0.5 GiB/s
# [1667.5/2029 GiB] unique=2 rate=0.5 GiB/s
# [1678.4/2029 GiB] unique=2 rate=0.5 GiB/s
# [1689.6/2029 GiB] unique=2 rate=0.5 GiB/s
# [1701.2/2029 GiB] unique=2 rate=0.5 GiB/s
# [1712.1/2029 GiB] unique=2 rate=0.5 GiB/s
# [1723.8/2029 GiB] unique=2 rate=0.5 GiB/s
# [1734.6/2029 GiB] unique=2 rate=0.5 GiB/s
# [1744.6/2029 GiB] unique=2 rate=0.5 GiB/s
# [1755.5/2029 GiB] unique=2 rate=0.5 GiB/s
# [1762.9/2029 GiB] unique=2 rate=0.5 GiB/s
# [1770.8/2029 GiB] unique=2 rate=0.5 GiB/s
# [1780.6/2029 GiB] unique=2 rate=0.5 GiB/s
# [1790.6/2029 GiB] unique=2 rate=0.5 GiB/s
# [1802.1/2029 GiB] unique=2 rate=0.5 GiB/s
# [1810.6/2029 GiB] unique=2 rate=0.5 GiB/s
# [1823.0/2029 GiB] unique=2 rate=0.5 GiB/s
# [1835.4/2029 GiB] unique=2 rate=0.5 GiB/s
# [1847.6/2029 GiB] unique=2 rate=0.5 GiB/s
# [1859.8/2029 GiB] unique=2 rate=0.5 GiB/s
# [1872.2/2029 GiB] unique=2 rate=0.5 GiB/s
# [1883.4/2029 GiB] unique=2 rate=0.5 GiB/s
# [1893.1/2029 GiB] unique=2 rate=0.5 GiB/s
# [1904.4/2029 GiB] unique=2 rate=0.5 GiB/s
# [1916.3/2029 GiB] unique=2 rate=0.5 GiB/s
# [1928.4/2029 GiB] unique=2 rate=0.5 GiB/s
# [1939.6/2029 GiB] unique=2 rate=0.5 GiB/s
# [1949.9/2029 GiB] unique=2 rate=0.5 GiB/s
# [1960.6/2029 GiB] unique=2 rate=0.5 GiB/s
# [1972.6/2029 GiB] unique=2 rate=0.5 GiB/s
# [1984.6/2029 GiB] unique=2 rate=0.5 GiB/s
# [1996.2/2029 GiB] unique=2 rate=0.5 GiB/s
# [2006.1/2029 GiB] unique=2 rate=0.5 GiB/s
# [2015.6/2029 GiB] unique=2 rate=0.5 GiB/s
# [2026.2/2029 GiB] unique=2 rate=0.5 GiB/s
DONE 71.8 min, unique=2
